[27-Jul-2021 08:55:30 Asia/Dhaka] User error: Undefined offset: 0 in D:\xampp\htdocs\sPHP\library\object\database.php on line 520
[27-Jul-2021 08:57:05 Asia/Dhaka] User error: Undefined offset: 0 in D:\xampp\htdocs\sPHP\library\object\database.php on line 88
[27-Jul-2021 09:31:56 Asia/Dhaka] User error: Database: 42S22: Unknown column 'EmployeeFirstName' in 'order clause'. Origin: D:\xampp\htdocs\sPHP\library\object\database\table.php:104 in D:\xampp\htdocs\sPHP\library\object\database.php on line 521
[27-Jul-2021 09:39:07 Asia/Dhaka] User error: Database: 42S22: Unknown column 'EmployeeFirstName' in 'order clause'. Origin: D:\xampp\htdocs\sPHP\library\object\database\table.php:104 in D:\xampp\htdocs\sPHP\library\object\database.php on line 521
[27-Jul-2021 09:39:19 Asia/Dhaka] User error: Database: 42S22: Unknown column 'EmployeeFirstName' in 'order clause'. Origin: D:\xampp\htdocs\sPHP\library\object\database\table.php:104 in D:\xampp\htdocs\sPHP\library\object\database.php on line 521
[27-Jul-2021 12:21:34 Asia/Dhaka] User error: Undefined index: Salary in D:\xampp\htdocs\officeManagement\script\management\generic\salary.php on line 5
[27-Jul-2021 12:22:16 Asia/Dhaka] User error: Undefined index: Salary in D:\xampp\htdocs\officeManagement\script\management\generic\salary.php on line 5
[27-Jul-2021 12:24:20 Asia/Dhaka] User error: Undefined index: Salary in D:\xampp\htdocs\officeManagement\script\management\generic\salary.php on line 5
[27-Jul-2021 12:29:18 Asia/Dhaka] User error: Undefined index: Salary in D:\xampp\htdocs\officeManagement\script\management\generic\salary.php on line 5
[27-Jul-2021 12:30:47 Asia/Dhaka] User error: Undefined index: EmployeeSalary in D:\xampp\htdocs\officeManagement\script\management\generic\employee.php on line 6
[27-Jul-2021 12:31:12 Asia/Dhaka] User error: Undefined index: Salary in D:\xampp\htdocs\officeManagement\script\management\generic\employee.php on line 6
[27-Jul-2021 12:31:20 Asia/Dhaka] User error: Undefined index: Salary in D:\xampp\htdocs\officeManagement\script\management\generic\employee.php on line 6
[27-Jul-2021 12:34:18 Asia/Dhaka] User error: Undefined index: Salary in D:\xampp\htdocs\officeManagement\script\management\generic\employee.php on line 6
[27-Jul-2021 12:36:51 Asia/Dhaka] User error: Undefined index: Salary in D:\xampp\htdocs\officeManagement\script\management\generic\employee.php on line 6
[27-Jul-2021 12:39:45 Asia/Dhaka] User error: Undefined index: Person in D:\xampp\htdocs\officeManagement\script\management\generic\salary.php on line 153
[27-Jul-2021 12:40:23 Asia/Dhaka] User error: Database: 42S22: Unknown column 'EmployeeName' in 'order clause'. Origin: D:\xampp\htdocs\sPHP\library\object\database\table.php:104 in D:\xampp\htdocs\sPHP\library\object\database.php on line 521
[27-Jul-2021 12:41:50 Asia/Dhaka] User error: Database: 42S22: Unknown column 'Employee' in 'order clause'. Origin: D:\xampp\htdocs\sPHP\library\object\database\table.php:104 in D:\xampp\htdocs\sPHP\library\object\database.php on line 521
[27-Jul-2021 12:46:06 Asia/Dhaka] User error: Database: 42S22: Unknown column 'E.Employee' in 'field list'. Origin: D:\xampp\htdocs\sPHP\library\object\database\table.php:104 in D:\xampp\htdocs\sPHP\library\object\database.php on line 521
[27-Jul-2021 12:47:39 Asia/Dhaka] User error: Database: 42S22: Unknown column 'Employee' in 'order clause'. Origin: D:\xampp\htdocs\sPHP\library\object\database\table.php:104 in D:\xampp\htdocs\sPHP\library\object\database.php on line 521
[27-Jul-2021 12:48:03 Asia/Dhaka] User error: Database: 42S22: Unknown column 'EmployeeSalaryName' in 'order clause'. Origin: D:\xampp\htdocs\sPHP\library\object\database\table.php:104 in D:\xampp\htdocs\sPHP\library\object\database.php on line 521
[27-Jul-2021 13:03:42 Asia/Dhaka] User error: Database: 42S22: Unknown column 'EmployeeSalaryName' in 'order clause'. Origin: D:\xampp\htdocs\sPHP\library\object\database\table.php:104 in D:\xampp\htdocs\sPHP\library\object\database.php on line 521
[27-Jul-2021 13:05:08 Asia/Dhaka] User error: Database: 42S22: Unknown column 'EmployeeSalaryName' in 'order clause'. Origin: D:\xampp\htdocs\sPHP\library\object\database\table.php:104 in D:\xampp\htdocs\sPHP\library\object\database.php on line 521
[27-Jul-2021 13:13:26 Asia/Dhaka] PHP Parse error:  syntax error, unexpected 'if' (T_IF), expecting ']' in D:\xampp\htdocs\officeManagement\script\management\generic\memo.php on line 157
[27-Jul-2021 13:13:26 Asia/Dhaka] PHP Fatal error:  Exception thrown without a stack frame in Unknown on line 0
[27-Jul-2021 13:14:57 Asia/Dhaka] User error: Undefined index: MemoName in D:\xampp\htdocs\officeManagement\script\management\generic\memo.php on line 29
[27-Jul-2021 13:30:12 Asia/Dhaka] User error: Database: 42S22: Unknown column 'EmployeeSalaryName' in 'order clause'. Origin: D:\xampp\htdocs\sPHP\library\object\database\table.php:104 in D:\xampp\htdocs\sPHP\library\object\database.php on line 521
[27-Jul-2021 13:30:34 Asia/Dhaka] User error: Undefined index: MemoName in D:\xampp\htdocs\officeManagement\script\management\generic\memo.php on line 29
[27-Jul-2021 13:32:21 Asia/Dhaka] User error: Undefined index: Requsted in D:\xampp\htdocs\officeManagement\script\management\generic\memo.php on line 131
[27-Jul-2021 13:32:45 Asia/Dhaka] User error: Undefined index: Requsted By in D:\xampp\htdocs\officeManagement\script\management\generic\memo.php on line 131
[27-Jul-2021 13:38:34 Asia/Dhaka] User error: Undefined index: ShopName in D:\xampp\htdocs\officeManagement\script\management\generic\shop.php on line 29
[28-Jul-2021 10:58:33 Asia/Dhaka] User error: Database: 42S22: Unknown column 'EmployeeSalaryName' in 'order clause'. Origin: D:\xampp\htdocs\sPHP\library\object\database\table.php:104 in D:\xampp\htdocs\sPHP\library\object\database.php on line 521
[28-Jul-2021 11:03:45 Asia/Dhaka] User error: Database: 42000: You have an error in your SQL syntax; check the manual that corresponds to your MariaDB server version for the right syntax to use near 'ASC  LIMIT 0, 200' at line 9. Origin: D:\xampp\htdocs\sPHP\library\object\database\table.php:104 in D:\xampp\htdocs\sPHP\library\object\database.php on line 521
[28-Jul-2021 11:05:45 Asia/Dhaka] User error: Undefined index: PersonID in D:\xampp\htdocs\officeManagement\script\management\generic\salary.php on line 32
[28-Jul-2021 11:07:32 Asia/Dhaka] User error: Undefined index: EmployeeDesignation in D:\xampp\htdocs\sPHP\library\object\html\ui\datagrid.php on line 427
[28-Jul-2021 11:08:02 Asia/Dhaka] User error: Undefined index: EmployeeDesignation in D:\xampp\htdocs\sPHP\library\object\html\ui\datagrid.php on line 427
[28-Jul-2021 11:08:07 Asia/Dhaka] User error: Undefined index: EmployeeDesignation in D:\xampp\htdocs\sPHP\library\object\html\ui\datagrid.php on line 427
[28-Jul-2021 11:08:16 Asia/Dhaka] User error: Undefined index: EmployeeDesignation in D:\xampp\htdocs\sPHP\library\object\html\ui\datagrid.php on line 427
[28-Jul-2021 11:10:06 Asia/Dhaka] User error: Database: 42000: You have an error in your SQL syntax; check the manual that corresponds to your MariaDB server version for the right syntax to use near 'AS _Other

FROM			ab_employeesalary AS ES
	LEFT JOIN		ab_employee AS E ON E.E...' at line 4. Origin: D:\xampp\htdocs\sPHP\library\object\database\table.php:104 in D:\xampp\htdocs\sPHP\library\object\database.php on line 521
[28-Jul-2021 11:13:58 Asia/Dhaka] User error: Undefined index: MemoName in D:\xampp\htdocs\officeManagement\script\management\generic\memo.php on line 29
